mode: set
go-shop-api/internal/service/auth_service.go:29.119,36.2 1 1
go-shop-api/internal/service/auth_service.go:38.66,41.2 2 1
go-shop-api/internal/service/auth_service.go:43.65,45.2 1 1
go-shop-api/internal/service/auth_service.go:47.37,51.2 3 0
go-shop-api/internal/service/auth_service.go:53.97,55.16 2 0
go-shop-api/internal/service/auth_service.go:55.16,57.3 1 0
go-shop-api/internal/service/auth_service.go:58.2,58.64 1 0
go-shop-api/internal/service/auth_service.go:58.64,60.3 1 0
go-shop-api/internal/service/auth_service.go:61.2,62.16 2 0
go-shop-api/internal/service/auth_service.go:62.16,64.3 1 0
go-shop-api/internal/service/auth_service.go:65.2,66.16 2 0
go-shop-api/internal/service/auth_service.go:66.16,68.3 1 0
go-shop-api/internal/service/auth_service.go:69.2,75.47 2 0
go-shop-api/internal/service/auth_service.go:75.47,77.3 1 0
go-shop-api/internal/service/auth_service.go:78.2,78.42 1 0
go-shop-api/internal/service/auth_service.go:81.83,83.16 2 0
go-shop-api/internal/service/auth_service.go:83.16,85.3 1 0
go-shop-api/internal/service/auth_service.go:86.2,87.16 2 0
go-shop-api/internal/service/auth_service.go:87.16,89.3 1 0
go-shop-api/internal/service/auth_service.go:90.2,95.45 2 0
go-shop-api/internal/service/auth_service.go:95.45,97.3 1 0
go-shop-api/internal/service/auth_service.go:98.2,98.15 1 0
go-shop-api/internal/service/auth_service.go:101.81,104.16 3 0
go-shop-api/internal/service/auth_service.go:104.16,106.3 1 0
go-shop-api/internal/service/auth_service.go:108.2,109.16 2 0
go-shop-api/internal/service/auth_service.go:109.16,111.3 1 0
go-shop-api/internal/service/auth_service.go:113.2,115.16 3 0
go-shop-api/internal/service/auth_service.go:115.16,117.3 1 0
go-shop-api/internal/service/auth_service.go:119.2,119.61 1 0
go-shop-api/internal/service/auth_service.go:119.61,121.3 1 0
go-shop-api/internal/service/auth_service.go:123.2,125.16 3 0
go-shop-api/internal/service/auth_service.go:125.16,127.3 1 0
go-shop-api/internal/service/auth_service.go:129.2,135.49 2 0
go-shop-api/internal/service/auth_service.go:135.49,137.3 1 0
go-shop-api/internal/service/auth_service.go:139.2,139.35 1 0
go-shop-api/internal/service/auth_service.go:144.49,146.2 1 0
go-shop-api/internal/service/category_service.go:13.79,15.2 1 0
go-shop-api/internal/service/category_service.go:17.62,19.2 1 0
go-shop-api/internal/service/category_service.go:21.69,23.16 2 0
go-shop-api/internal/service/category_service.go:23.16,25.3 1 0
go-shop-api/internal/service/category_service.go:26.2,26.22 1 0
go-shop-api/internal/service/category_service.go:29.59,31.2 1 0
go-shop-api/internal/service/category_service.go:33.59,35.2 1 0
go-shop-api/internal/service/category_service.go:37.49,39.2 1 0
go-shop-api/internal/service/category_service.go:41.82,43.2 1 0
go-shop-api/internal/service/product_service.go:12.76,14.2 1 0
go-shop-api/internal/service/product_service.go:16.60,18.2 1 0
go-shop-api/internal/service/product_service.go:20.67,22.2 1 0
go-shop-api/internal/service/product_service.go:24.77,26.2 1 0
go-shop-api/internal/service/product_service.go:28.57,30.2 1 0
go-shop-api/internal/service/product_service.go:32.57,34.2 1 0
go-shop-api/internal/service/product_service.go:36.48,38.2 1 0
